mode: atomic
github.com/TerraDharitri/drt-go-chain-node-monitoring/clients/httpClient.go:32.83,33.43 1 0
github.com/TerraDharitri/drt-go-chain-node-monitoring/clients/httpClient.go:33.43,35.3 1 0
github.com/TerraDharitri/drt-go-chain-node-monitoring/clients/httpClient.go:37.2,42.8 3 0
github.com/TerraDharitri/drt-go-chain-node-monitoring/clients/httpClient.go:51.19,53.16 2 0
github.com/TerraDharitri/drt-go-chain-node-monitoring/clients/httpClient.go:53.16,55.3 1 0
github.com/TerraDharitri/drt-go-chain-node-monitoring/clients/httpClient.go:57.2,62.16 5 0
github.com/TerraDharitri/drt-go-chain-node-monitoring/clients/httpClient.go:62.16,63.26 1 0
github.com/TerraDharitri/drt-go-chain-node-monitoring/clients/httpClient.go:63.26,65.4 1 0
github.com/TerraDharitri/drt-go-chain-node-monitoring/clients/httpClient.go:67.3,67.18 1 0
github.com/TerraDharitri/drt-go-chain-node-monitoring/clients/httpClient.go:70.2,70.15 1 0
github.com/TerraDharitri/drt-go-chain-node-monitoring/clients/httpClient.go:70.15,72.28 2 0
github.com/TerraDharitri/drt-go-chain-node-monitoring/clients/httpClient.go:72.28,74.4 1 0
github.com/TerraDharitri/drt-go-chain-node-monitoring/clients/httpClient.go:77.2,77.34 1 0
github.com/TerraDharitri/drt-go-chain-node-monitoring/clients/httpClient.go:85.9,87.16 2 0
github.com/TerraDharitri/drt-go-chain-node-monitoring/clients/httpClient.go:87.16,89.3 1 0
github.com/TerraDharitri/drt-go-chain-node-monitoring/clients/httpClient.go:91.2,92.16 2 0
github.com/TerraDharitri/drt-go-chain-node-monitoring/clients/httpClient.go:92.16,94.3 1 0
github.com/TerraDharitri/drt-go-chain-node-monitoring/clients/httpClient.go:96.2,102.16 6 0
github.com/TerraDharitri/drt-go-chain-node-monitoring/clients/httpClient.go:102.16,103.26 1 0
github.com/TerraDharitri/drt-go-chain-node-monitoring/clients/httpClient.go:103.26,105.4 1 0
github.com/TerraDharitri/drt-go-chain-node-monitoring/clients/httpClient.go:107.3,107.13 1 0
github.com/TerraDharitri/drt-go-chain-node-monitoring/clients/httpClient.go:110.2,111.27 2 0
github.com/TerraDharitri/drt-go-chain-node-monitoring/clients/httpClient.go:111.27,113.3 1 0
github.com/TerraDharitri/drt-go-chain-node-monitoring/clients/httpClient.go:115.2,115.12 1 0
github.com/TerraDharitri/drt-go-chain-node-monitoring/clients/httpClient.go:118.37,119.53 1 0
github.com/TerraDharitri/drt-go-chain-node-monitoring/clients/httpClient.go:119.53,121.3 1 0
github.com/TerraDharitri/drt-go-chain-node-monitoring/clients/httpClient.go:123.2,123.14 1 0
github.com/TerraDharitri/drt-go-chain-node-monitoring/clients/httpClient.go:127.53,129.2 1 0
github.com/TerraDharitri/drt-go-chain-node-monitoring/cmd/node/main.go:37.13,53.16 8 0
github.com/TerraDharitri/drt-go-chain-node-monitoring/cmd/node/main.go:53.16,56.3 2 0
github.com/TerraDharitri/drt-go-chain-node-monitoring/cmd/node/main.go:59.50,63.16 3 0
github.com/TerraDharitri/drt-go-chain-node-monitoring/cmd/node/main.go:63.16,65.3 1 0
github.com/TerraDharitri/drt-go-chain-node-monitoring/cmd/node/main.go:67.2,68.16 2 0
github.com/TerraDharitri/drt-go-chain-node-monitoring/cmd/node/main.go:68.16,70.3 1 0
github.com/TerraDharitri/drt-go-chain-node-monitoring/cmd/node/main.go:71.2,74.16 3 0
github.com/TerraDharitri/drt-go-chain-node-monitoring/cmd/node/main.go:74.16,76.3 1 0
github.com/TerraDharitri/drt-go-chain-node-monitoring/cmd/node/main.go:78.2,79.16 2 0
github.com/TerraDharitri/drt-go-chain-node-monitoring/cmd/node/main.go:79.16,81.3 1 0
github.com/TerraDharitri/drt-go-chain-node-monitoring/cmd/node/main.go:83.2,83.12 1 0
github.com/TerraDharitri/drt-go-chain-node-monitoring/cmd/node/main.go:86.68,92.2 3 0
github.com/TerraDharitri/drt-go-chain-node-monitoring/config/common.go:8.58,11.16 3 0
github.com/TerraDharitri/drt-go-chain-node-monitoring/config/common.go:11.16,13.3 1 0
github.com/TerraDharitri/drt-go-chain-node-monitoring/config/common.go:14.2,14.17 1 0
github.com/TerraDharitri/drt-go-chain-node-monitoring/monitoring/monitoringRunner.go:25.81,26.17 1 0
github.com/TerraDharitri/drt-go-chain-node-monitoring/monitoring/monitoringRunner.go:26.17,28.3 1 0
github.com/TerraDharitri/drt-go-chain-node-monitoring/monitoring/monitoringRunner.go:30.2,32.8 1 0
github.com/TerraDharitri/drt-go-chain-node-monitoring/monitoring/monitoringRunner.go:36.43,41.16 3 0
github.com/TerraDharitri/drt-go-chain-node-monitoring/monitoring/monitoringRunner.go:41.16,43.3 1 0
github.com/TerraDharitri/drt-go-chain-node-monitoring/monitoring/monitoringRunner.go:45.2,50.16 3 0
github.com/TerraDharitri/drt-go-chain-node-monitoring/monitoring/monitoringRunner.go:50.16,52.3 1 0
github.com/TerraDharitri/drt-go-chain-node-monitoring/monitoring/monitoringRunner.go:54.2,56.39 2 0
github.com/TerraDharitri/drt-go-chain-node-monitoring/monitoring/monitoringRunner.go:56.39,62.17 3 0
github.com/TerraDharitri/drt-go-chain-node-monitoring/monitoring/monitoringRunner.go:62.17,64.4 1 0
github.com/TerraDharitri/drt-go-chain-node-monitoring/monitoring/monitoringRunner.go:65.3,65.45 1 0
github.com/TerraDharitri/drt-go-chain-node-monitoring/monitoring/monitoringRunner.go:68.2,68.39 1 0
github.com/TerraDharitri/drt-go-chain-node-monitoring/monitoring/monitoringRunner.go:68.39,73.17 3 0
github.com/TerraDharitri/drt-go-chain-node-monitoring/monitoring/monitoringRunner.go:73.17,75.4 1 0
github.com/TerraDharitri/drt-go-chain-node-monitoring/monitoring/monitoringRunner.go:76.3,76.45 1 0
github.com/TerraDharitri/drt-go-chain-node-monitoring/monitoring/monitoringRunner.go:79.2,84.16 3 0
github.com/TerraDharitri/drt-go-chain-node-monitoring/monitoring/monitoringRunner.go:84.16,86.3 1 0
github.com/TerraDharitri/drt-go-chain-node-monitoring/monitoring/monitoringRunner.go:87.2,92.16 4 0
github.com/TerraDharitri/drt-go-chain-node-monitoring/monitoring/monitoringRunner.go:92.16,94.3 1 0
github.com/TerraDharitri/drt-go-chain-node-monitoring/monitoring/monitoringRunner.go:96.2,96.12 1 0
github.com/TerraDharitri/drt-go-chain-node-monitoring/monitoring/monitoringRunner.go:101.9,109.16 6 0
github.com/TerraDharitri/drt-go-chain-node-monitoring/monitoring/monitoringRunner.go:109.16,111.3 1 0
github.com/TerraDharitri/drt-go-chain-node-monitoring/monitoring/monitoringRunner.go:113.2,113.12 1 0
github.com/TerraDharitri/drt-go-chain-node-monitoring/notifiers/email/notifier.go:24.71,26.16 2 0
github.com/TerraDharitri/drt-go-chain-node-monitoring/notifiers/email/notifier.go:26.16,28.3 1 0
github.com/TerraDharitri/drt-go-chain-node-monitoring/notifiers/email/notifier.go:30.2,32.8 1 0
github.com/TerraDharitri/drt-go-chain-node-monitoring/notifiers/email/notifier.go:35.46,37.35 1 0
github.com/TerraDharitri/drt-go-chain-node-monitoring/notifiers/email/notifier.go:37.35,39.3 1 0
github.com/TerraDharitri/drt-go-chain-node-monitoring/notifiers/email/notifier.go:40.2,40.33 1 0
github.com/TerraDharitri/drt-go-chain-node-monitoring/notifiers/email/notifier.go:40.33,42.3 1 0
github.com/TerraDharitri/drt-go-chain-node-monitoring/notifiers/email/notifier.go:43.2,43.32 1 0
github.com/TerraDharitri/drt-go-chain-node-monitoring/notifiers/email/notifier.go:43.32,45.3 1 0
github.com/TerraDharitri/drt-go-chain-node-monitoring/notifiers/email/notifier.go:46.2,46.30 1 0
github.com/TerraDharitri/drt-go-chain-node-monitoring/notifiers/email/notifier.go:46.30,48.3 1 0
github.com/TerraDharitri/drt-go-chain-node-monitoring/notifiers/email/notifier.go:50.2,50.12 1 0
github.com/TerraDharitri/drt-go-chain-node-monitoring/notifiers/email/notifier.go:54.74,56.2 1 0
github.com/TerraDharitri/drt-go-chain-node-monitoring/notifiers/email/notifier.go:58.67,70.16 4 0
github.com/TerraDharitri/drt-go-chain-node-monitoring/notifiers/email/notifier.go:70.16,72.3 1 0
github.com/TerraDharitri/drt-go-chain-node-monitoring/notifiers/email/notifier.go:74.2,76.12 2 0
github.com/TerraDharitri/drt-go-chain-node-monitoring/notifiers/email/notifier.go:79.86,82.2 2 0
github.com/TerraDharitri/drt-go-chain-node-monitoring/notifiers/email/notifier.go:85.41,87.2 1 0
github.com/TerraDharitri/drt-go-chain-node-monitoring/notifiers/email/notifier.go:90.48,92.2 1 0
github.com/TerraDharitri/drt-go-chain-node-monitoring/mocks/httpClientStub.go:10.93,11.42 1 0
github.com/TerraDharitri/drt-go-chain-node-monitoring/mocks/httpClientStub.go:11.42,13.3 1 0
github.com/TerraDharitri/drt-go-chain-node-monitoring/mocks/httpClientStub.go:15.2,15.17 1 0
github.com/TerraDharitri/drt-go-chain-node-monitoring/mocks/httpClientStub.go:19.102,20.43 1 0
github.com/TerraDharitri/drt-go-chain-node-monitoring/mocks/httpClientStub.go:20.43,22.3 1 0
github.com/TerraDharitri/drt-go-chain-node-monitoring/mocks/httpClientStub.go:24.2,24.12 1 0
github.com/TerraDharitri/drt-go-chain-node-monitoring/mocks/httpClientStub.go:28.50,30.2 1 0
github.com/TerraDharitri/drt-go-chain-node-monitoring/process/mocks/connectorStub.go:12.70,13.29 1 0
github.com/TerraDharitri/drt-go-chain-node-monitoring/process/mocks/connectorStub.go:13.29,15.3 1 0
github.com/TerraDharitri/drt-go-chain-node-monitoring/process/mocks/connectorStub.go:17.2,17.40 1 0
github.com/TerraDharitri/drt-go-chain-node-monitoring/process/mocks/connectorStub.go:21.40,22.26 1 0
github.com/TerraDharitri/drt-go-chain-node-monitoring/process/mocks/connectorStub.go:22.26,24.3 1 0
github.com/TerraDharitri/drt-go-chain-node-monitoring/process/mocks/connectorStub.go:26.2,26.11 1 0
github.com/TerraDharitri/drt-go-chain-node-monitoring/process/mocks/connectorStub.go:30.47,32.2 1 0
github.com/TerraDharitri/drt-go-chain-node-monitoring/process/mocks/notifierStub.go:12.72,13.32 1 0
github.com/TerraDharitri/drt-go-chain-node-monitoring/process/mocks/notifierStub.go:13.32,15.3 1 0
github.com/TerraDharitri/drt-go-chain-node-monitoring/process/mocks/notifierStub.go:17.2,17.12 1 0
github.com/TerraDharitri/drt-go-chain-node-monitoring/process/mocks/notifierStub.go:21.39,22.26 1 0
github.com/TerraDharitri/drt-go-chain-node-monitoring/process/mocks/notifierStub.go:22.26,24.3 1 0
github.com/TerraDharitri/drt-go-chain-node-monitoring/process/mocks/notifierStub.go:26.2,26.13 1 0
github.com/TerraDharitri/drt-go-chain-node-monitoring/process/mocks/pusherStub.go:11.64,12.32 1 0
github.com/TerraDharitri/drt-go-chain-node-monitoring/process/mocks/pusherStub.go:12.32,14.3 1 0
github.com/TerraDharitri/drt-go-chain-node-monitoring/process/mocks/pusherStub.go:18.44,20.2 1 0
github.com/TerraDharitri/drt-go-chain-node-monitoring/config/common.go:8.58,11.16 3 0
github.com/TerraDharitri/drt-go-chain-node-monitoring/config/common.go:11.16,13.3 1 0
github.com/TerraDharitri/drt-go-chain-node-monitoring/config/common.go:14.2,14.17 1 0
github.com/TerraDharitri/drt-go-chain-node-monitoring/mocks/httpClientStub.go:10.93,11.42 1 0
github.com/TerraDharitri/drt-go-chain-node-monitoring/mocks/httpClientStub.go:11.42,13.3 1 0
github.com/TerraDharitri/drt-go-chain-node-monitoring/mocks/httpClientStub.go:15.2,15.17 1 0
github.com/TerraDharitri/drt-go-chain-node-monitoring/mocks/httpClientStub.go:19.102,20.43 1 1
github.com/TerraDharitri/drt-go-chain-node-monitoring/mocks/httpClientStub.go:20.43,22.3 1 1
github.com/TerraDharitri/drt-go-chain-node-monitoring/mocks/httpClientStub.go:24.2,24.12 1 0
github.com/TerraDharitri/drt-go-chain-node-monitoring/mocks/httpClientStub.go:28.50,30.2 1 0
github.com/TerraDharitri/drt-go-chain-node-monitoring/notifiers/slack/notifier.go:28.71,30.16 2 4
github.com/TerraDharitri/drt-go-chain-node-monitoring/notifiers/slack/notifier.go:30.16,32.3 1 2
github.com/TerraDharitri/drt-go-chain-node-monitoring/notifiers/slack/notifier.go:34.2,37.8 1 2
github.com/TerraDharitri/drt-go-chain-node-monitoring/notifiers/slack/notifier.go:40.46,41.27 1 4
github.com/TerraDharitri/drt-go-chain-node-monitoring/notifiers/slack/notifier.go:41.27,43.3 1 1
github.com/TerraDharitri/drt-go-chain-node-monitoring/notifiers/slack/notifier.go:44.2,44.28 1 3
github.com/TerraDharitri/drt-go-chain-node-monitoring/notifiers/slack/notifier.go:44.28,46.3 1 1
github.com/TerraDharitri/drt-go-chain-node-monitoring/notifiers/slack/notifier.go:48.2,48.12 1 2
github.com/TerraDharitri/drt-go-chain-node-monitoring/notifiers/slack/notifier.go:52.74,58.2 2 1
github.com/TerraDharitri/drt-go-chain-node-monitoring/notifiers/slack/notifier.go:61.41,63.2 1 0
github.com/TerraDharitri/drt-go-chain-node-monitoring/notifiers/slack/notifier.go:66.48,68.2 1 0
github.com/TerraDharitri/drt-go-chain-node-monitoring/clients/httpClient.go:32.83,33.43 1 0
github.com/TerraDharitri/drt-go-chain-node-monitoring/clients/httpClient.go:33.43,35.3 1 0
github.com/TerraDharitri/drt-go-chain-node-monitoring/clients/httpClient.go:37.2,42.8 3 0
github.com/TerraDharitri/drt-go-chain-node-monitoring/clients/httpClient.go:51.19,53.16 2 0
github.com/TerraDharitri/drt-go-chain-node-monitoring/clients/httpClient.go:53.16,55.3 1 0
github.com/TerraDharitri/drt-go-chain-node-monitoring/clients/httpClient.go:57.2,62.16 5 0
github.com/TerraDharitri/drt-go-chain-node-monitoring/clients/httpClient.go:62.16,63.26 1 0
github.com/TerraDharitri/drt-go-chain-node-monitoring/clients/httpClient.go:63.26,65.4 1 0
github.com/TerraDharitri/drt-go-chain-node-monitoring/clients/httpClient.go:67.3,67.18 1 0
github.com/TerraDharitri/drt-go-chain-node-monitoring/clients/httpClient.go:70.2,70.15 1 0
github.com/TerraDharitri/drt-go-chain-node-monitoring/clients/httpClient.go:70.15,72.28 2 0
github.com/TerraDharitri/drt-go-chain-node-monitoring/clients/httpClient.go:72.28,74.4 1 0
github.com/TerraDharitri/drt-go-chain-node-monitoring/clients/httpClient.go:77.2,77.34 1 0
github.com/TerraDharitri/drt-go-chain-node-monitoring/clients/httpClient.go:85.9,87.16 2 0
github.com/TerraDharitri/drt-go-chain-node-monitoring/clients/httpClient.go:87.16,89.3 1 0
github.com/TerraDharitri/drt-go-chain-node-monitoring/clients/httpClient.go:91.2,92.16 2 0
github.com/TerraDharitri/drt-go-chain-node-monitoring/clients/httpClient.go:92.16,94.3 1 0
github.com/TerraDharitri/drt-go-chain-node-monitoring/clients/httpClient.go:96.2,102.16 6 0
github.com/TerraDharitri/drt-go-chain-node-monitoring/clients/httpClient.go:102.16,103.26 1 0
github.com/TerraDharitri/drt-go-chain-node-monitoring/clients/httpClient.go:103.26,105.4 1 0
github.com/TerraDharitri/drt-go-chain-node-monitoring/clients/httpClient.go:107.3,107.13 1 0
github.com/TerraDharitri/drt-go-chain-node-monitoring/clients/httpClient.go:110.2,111.27 2 0
github.com/TerraDharitri/drt-go-chain-node-monitoring/clients/httpClient.go:111.27,113.3 1 0
github.com/TerraDharitri/drt-go-chain-node-monitoring/clients/httpClient.go:115.2,115.12 1 0
github.com/TerraDharitri/drt-go-chain-node-monitoring/clients/httpClient.go:118.37,119.53 1 0
github.com/TerraDharitri/drt-go-chain-node-monitoring/clients/httpClient.go:119.53,121.3 1 0
github.com/TerraDharitri/drt-go-chain-node-monitoring/clients/httpClient.go:123.2,123.14 1 0
github.com/TerraDharitri/drt-go-chain-node-monitoring/clients/httpClient.go:127.53,129.2 1 0
github.com/TerraDharitri/drt-go-chain-node-monitoring/clients/nodeRating/nodeRating.go:42.68,44.16 2 7
github.com/TerraDharitri/drt-go-chain-node-monitoring/clients/nodeRating/nodeRating.go:44.16,46.3 1 4
github.com/TerraDharitri/drt-go-chain-node-monitoring/clients/nodeRating/nodeRating.go:48.2,49.45 2 3
github.com/TerraDharitri/drt-go-chain-node-monitoring/clients/nodeRating/nodeRating.go:49.45,51.3 1 3
github.com/TerraDharitri/drt-go-chain-node-monitoring/clients/nodeRating/nodeRating.go:53.2,58.8 1 3
github.com/TerraDharitri/drt-go-chain-node-monitoring/clients/nodeRating/nodeRating.go:61.43,62.30 1 7
github.com/TerraDharitri/drt-go-chain-node-monitoring/clients/nodeRating/nodeRating.go:62.30,64.3 1 1
github.com/TerraDharitri/drt-go-chain-node-monitoring/clients/nodeRating/nodeRating.go:65.2,65.35 1 6
github.com/TerraDharitri/drt-go-chain-node-monitoring/clients/nodeRating/nodeRating.go:65.35,67.3 1 1
github.com/TerraDharitri/drt-go-chain-node-monitoring/clients/nodeRating/nodeRating.go:68.2,68.34 1 5
github.com/TerraDharitri/drt-go-chain-node-monitoring/clients/nodeRating/nodeRating.go:68.34,70.3 1 1
github.com/TerraDharitri/drt-go-chain-node-monitoring/clients/nodeRating/nodeRating.go:71.2,71.32 1 4
github.com/TerraDharitri/drt-go-chain-node-monitoring/clients/nodeRating/nodeRating.go:71.32,73.3 1 1
github.com/TerraDharitri/drt-go-chain-node-monitoring/clients/nodeRating/nodeRating.go:75.2,75.12 1 3
github.com/TerraDharitri/drt-go-chain-node-monitoring/clients/nodeRating/nodeRating.go:78.69,79.26 1 3
github.com/TerraDharitri/drt-go-chain-node-monitoring/clients/nodeRating/nodeRating.go:79.26,84.3 3 2
github.com/TerraDharitri/drt-go-chain-node-monitoring/clients/nodeRating/nodeRating.go:86.2,86.27 1 1
github.com/TerraDharitri/drt-go-chain-node-monitoring/clients/nodeRating/nodeRating.go:89.73,93.16 3 1
github.com/TerraDharitri/drt-go-chain-node-monitoring/clients/nodeRating/nodeRating.go:93.16,95.3 1 0
github.com/TerraDharitri/drt-go-chain-node-monitoring/clients/nodeRating/nodeRating.go:97.2,98.29 2 1
github.com/TerraDharitri/drt-go-chain-node-monitoring/clients/nodeRating/nodeRating.go:98.29,99.51 1 1
github.com/TerraDharitri/drt-go-chain-node-monitoring/clients/nodeRating/nodeRating.go:99.51,102.17 2 1
github.com/TerraDharitri/drt-go-chain-node-monitoring/clients/nodeRating/nodeRating.go:102.17,103.13 1 0
github.com/TerraDharitri/drt-go-chain-node-monitoring/clients/nodeRating/nodeRating.go:106.4,108.47 3 1
github.com/TerraDharitri/drt-go-chain-node-monitoring/clients/nodeRating/nodeRating.go:108.47,118.5 3 1
github.com/TerraDharitri/drt-go-chain-node-monitoring/clients/nodeRating/nodeRating.go:121.3,121.45 1 1
github.com/TerraDharitri/drt-go-chain-node-monitoring/clients/nodeRating/nodeRating.go:124.2,126.19 2 1
github.com/TerraDharitri/drt-go-chain-node-monitoring/clients/nodeRating/nodeRating.go:129.75,131.16 2 2
github.com/TerraDharitri/drt-go-chain-node-monitoring/clients/nodeRating/nodeRating.go:131.16,133.3 1 0
github.com/TerraDharitri/drt-go-chain-node-monitoring/clients/nodeRating/nodeRating.go:135.2,135.29 1 2
github.com/TerraDharitri/drt-go-chain-node-monitoring/clients/nodeRating/nodeRating.go:135.29,137.3 1 2
github.com/TerraDharitri/drt-go-chain-node-monitoring/clients/nodeRating/nodeRating.go:139.2,139.61 1 2
github.com/TerraDharitri/drt-go-chain-node-monitoring/clients/nodeRating/nodeRating.go:142.75,145.44 2 3
github.com/TerraDharitri/drt-go-chain-node-monitoring/clients/nodeRating/nodeRating.go:145.44,148.17 3 3
github.com/TerraDharitri/drt-go-chain-node-monitoring/clients/nodeRating/nodeRating.go:148.17,150.4 1 0
github.com/TerraDharitri/drt-go-chain-node-monitoring/clients/nodeRating/nodeRating.go:152.3,154.17 3 3
github.com/TerraDharitri/drt-go-chain-node-monitoring/clients/nodeRating/nodeRating.go:154.17,156.4 1 0
github.com/TerraDharitri/drt-go-chain-node-monitoring/clients/nodeRating/nodeRating.go:158.3,158.34 1 3
github.com/TerraDharitri/drt-go-chain-node-monitoring/clients/nodeRating/nodeRating.go:161.2,161.19 1 3
github.com/TerraDharitri/drt-go-chain-node-monitoring/clients/nodeRating/nodeRating.go:165.39,167.2 1 0
github.com/TerraDharitri/drt-go-chain-node-monitoring/clients/nodeRating/nodeRating.go:170.46,172.2 1 0
github.com/TerraDharitri/drt-go-chain-node-monitoring/config/common.go:8.58,11.16 3 0
github.com/TerraDharitri/drt-go-chain-node-monitoring/config/common.go:11.16,13.3 1 0
github.com/TerraDharitri/drt-go-chain-node-monitoring/config/common.go:14.2,14.17 1 0
github.com/TerraDharitri/drt-go-chain-node-monitoring/mocks/httpClientStub.go:10.93,11.42 1 3
github.com/TerraDharitri/drt-go-chain-node-monitoring/mocks/httpClientStub.go:11.42,13.3 1 3
github.com/TerraDharitri/drt-go-chain-node-monitoring/mocks/httpClientStub.go:15.2,15.17 1 0
github.com/TerraDharitri/drt-go-chain-node-monitoring/mocks/httpClientStub.go:19.102,20.43 1 0
github.com/TerraDharitri/drt-go-chain-node-monitoring/mocks/httpClientStub.go:20.43,22.3 1 0
github.com/TerraDharitri/drt-go-chain-node-monitoring/mocks/httpClientStub.go:24.2,24.12 1 0
github.com/TerraDharitri/drt-go-chain-node-monitoring/mocks/httpClientStub.go:28.50,30.2 1 6
github.com/TerraDharitri/drt-go-chain-node-monitoring/process/eventsProcessor.go:33.77,35.16 2 4
github.com/TerraDharitri/drt-go-chain-node-monitoring/process/eventsProcessor.go:35.16,37.3 1 2
github.com/TerraDharitri/drt-go-chain-node-monitoring/process/eventsProcessor.go:39.2,43.8 1 2
github.com/TerraDharitri/drt-go-chain-node-monitoring/process/eventsProcessor.go:46.48,47.30 1 4
github.com/TerraDharitri/drt-go-chain-node-monitoring/process/eventsProcessor.go:47.30,49.3 1 1
github.com/TerraDharitri/drt-go-chain-node-monitoring/process/eventsProcessor.go:50.2,50.53 1 3
github.com/TerraDharitri/drt-go-chain-node-monitoring/process/eventsProcessor.go:50.53,52.3 1 1
github.com/TerraDharitri/drt-go-chain-node-monitoring/process/eventsProcessor.go:54.2,54.12 1 2
github.com/TerraDharitri/drt-go-chain-node-monitoring/process/eventsProcessor.go:58.57,62.2 3 1
github.com/TerraDharitri/drt-go-chain-node-monitoring/process/eventsProcessor.go:65.34,70.2 3 1
github.com/TerraDharitri/drt-go-chain-node-monitoring/process/eventsProcessor.go:72.53,76.6 3 1
github.com/TerraDharitri/drt-go-chain-node-monitoring/process/eventsProcessor.go:76.6,77.10 1 3
github.com/TerraDharitri/drt-go-chain-node-monitoring/process/eventsProcessor.go:78.21,80.10 2 1
github.com/TerraDharitri/drt-go-chain-node-monitoring/process/eventsProcessor.go:81.18,82.21 1 2
github.com/TerraDharitri/drt-go-chain-node-monitoring/process/eventsProcessor.go:87.43,91.37 3 2
github.com/TerraDharitri/drt-go-chain-node-monitoring/process/eventsProcessor.go:91.37,93.17 2 2
github.com/TerraDharitri/drt-go-chain-node-monitoring/process/eventsProcessor.go:93.17,96.4 2 0
github.com/TerraDharitri/drt-go-chain-node-monitoring/process/eventsProcessor.go:98.3,98.22 1 2
github.com/TerraDharitri/drt-go-chain-node-monitoring/process/eventsProcessor.go:99.29,101.32 2 0
github.com/TerraDharitri/drt-go-chain-node-monitoring/process/eventsProcessor.go:102.25,103.80 1 0
github.com/TerraDharitri/drt-go-chain-node-monitoring/process/eventsProcessor.go:104.23,105.79 1 2
github.com/TerraDharitri/drt-go-chain-node-monitoring/process/eventsProcessor.go:106.11,107.52 1 0
github.com/TerraDharitri/drt-go-chain-node-monitoring/process/eventsProcessor.go:113.42,114.26 1 1
github.com/TerraDharitri/drt-go-chain-node-monitoring/process/eventsProcessor.go:114.26,116.3 1 1
github.com/TerraDharitri/drt-go-chain-node-monitoring/process/eventsProcessor.go:118.2,118.12 1 1
github.com/TerraDharitri/drt-go-chain-node-monitoring/process/notifyProcessor.go:15.44,19.2 1 1
github.com/TerraDharitri/drt-go-chain-node-monitoring/process/notifyProcessor.go:22.59,26.2 3 1
github.com/TerraDharitri/drt-go-chain-node-monitoring/process/notifyProcessor.go:29.70,31.36 2 1
github.com/TerraDharitri/drt-go-chain-node-monitoring/process/notifyProcessor.go:31.36,33.3 1 1
github.com/TerraDharitri/drt-go-chain-node-monitoring/process/notifyProcessor.go:34.2,34.25 1 1
github.com/TerraDharitri/drt-go-chain-node-monitoring/process/notifyProcessor.go:38.50,40.2 1 1
github.com/TerraDharitri/drt-go-chain-node-monitoring/process/mocks/connectorStub.go:12.70,13.29 1 2
github.com/TerraDharitri/drt-go-chain-node-monitoring/process/mocks/connectorStub.go:13.29,15.3 1 2
github.com/TerraDharitri/drt-go-chain-node-monitoring/process/mocks/connectorStub.go:17.2,17.40 1 0
github.com/TerraDharitri/drt-go-chain-node-monitoring/process/mocks/connectorStub.go:21.40,22.26 1 1
github.com/TerraDharitri/drt-go-chain-node-monitoring/process/mocks/connectorStub.go:22.26,24.3 1 0
github.com/TerraDharitri/drt-go-chain-node-monitoring/process/mocks/connectorStub.go:26.2,26.11 1 1
github.com/TerraDharitri/drt-go-chain-node-monitoring/process/mocks/connectorStub.go:30.47,32.2 1 0
github.com/TerraDharitri/drt-go-chain-node-monitoring/process/mocks/notifierStub.go:12.72,13.32 1 1
github.com/TerraDharitri/drt-go-chain-node-monitoring/process/mocks/notifierStub.go:13.32,15.3 1 1
github.com/TerraDharitri/drt-go-chain-node-monitoring/process/mocks/notifierStub.go:17.2,17.12 1 0
github.com/TerraDharitri/drt-go-chain-node-monitoring/process/mocks/notifierStub.go:21.39,22.26 1 1
github.com/TerraDharitri/drt-go-chain-node-monitoring/process/mocks/notifierStub.go:22.26,24.3 1 1
github.com/TerraDharitri/drt-go-chain-node-monitoring/process/mocks/notifierStub.go:26.2,26.13 1 0
github.com/TerraDharitri/drt-go-chain-node-monitoring/process/mocks/pusherStub.go:11.64,12.32 1 0
github.com/TerraDharitri/drt-go-chain-node-monitoring/process/mocks/pusherStub.go:12.32,14.3 1 0
github.com/TerraDharitri/drt-go-chain-node-monitoring/process/mocks/pusherStub.go:18.44,20.2 1 3
